[01-Aug-2024 11:52:38 UTC] PHP Warning:  Undefined array key "WORDPRESS_DB_NAME" in C:\Users\VENTE\Local Sites\medit\app\public\wp-config.php on line 31
[01-Aug-2024 11:52:38 UTC] PHP Warning:  Constant DB_NAME already defined in C:\Users\VENTE\Local Sites\medit\app\public\wp-config.php on line 31
[01-Aug-2024 11:52:38 UTC] PHP Warning:  Undefined array key "WORDPRESS_DB_USER" in C:\Users\VENTE\Local Sites\medit\app\public\wp-config.php on line 34
[01-Aug-2024 11:52:38 UTC] PHP Warning:  Constant DB_USER already defined in C:\Users\VENTE\Local Sites\medit\app\public\wp-config.php on line 34
[01-Aug-2024 11:52:38 UTC] PHP Warning:  Undefined array key "WORDPRESS_DB_PASSWORD" in C:\Users\VENTE\Local Sites\medit\app\public\wp-config.php on line 37
[01-Aug-2024 11:52:38 UTC] PHP Warning:  Constant DB_PASSWORD already defined in C:\Users\VENTE\Local Sites\medit\app\public\wp-config.php on line 37
[01-Aug-2024 11:52:38 UTC] PHP Warning:  Undefined array key "WORDPRESS_DB_HOST" in C:\Users\VENTE\Local Sites\medit\app\public\wp-config.php on line 40
[01-Aug-2024 11:52:38 UTC] PHP Warning:  Constant DB_HOST already defined in C:\Users\VENTE\Local Sites\medit\app\public\wp-config.php on line 40
[01-Aug-2024 11:52:38 UTC] PHP Warning:  Undefined array key "WORDPRESS_DB_PASSWORD" in C:\Users\VENTE\Local Sites\medit\app\public\wp-config.php on line 51
[01-Aug-2024 11:52:38 UTC] PHP Warning:  Undefined array key "WORDPRESS_DB_PASSWORD" in C:\Users\VENTE\Local Sites\medit\app\public\wp-config.php on line 51
[01-Aug-2024 11:52:39 UTC] PHP Warning:  Undefined array key "WORDPRESS_DB_NAME" in C:\Users\VENTE\Local Sites\medit\app\public\wp-config.php on line 31
[01-Aug-2024 11:52:39 UTC] PHP Warning:  Constant DB_NAME already defined in C:\Users\VENTE\Local Sites\medit\app\public\wp-config.php on line 31
[01-Aug-2024 11:52:39 UTC] PHP Warning:  Undefined array key "WORDPRESS_DB_USER" in C:\Users\VENTE\Local Sites\medit\app\public\wp-config.php on line 34
[01-Aug-2024 11:52:39 UTC] PHP Warning:  Constant DB_USER already defined in C:\Users\VENTE\Local Sites\medit\app\public\wp-config.php on line 34
[01-Aug-2024 11:52:39 UTC] PHP Warning:  Undefined array key "WORDPRESS_DB_PASSWORD" in C:\Users\VENTE\Local Sites\medit\app\public\wp-config.php on line 37
[01-Aug-2024 11:52:39 UTC] PHP Warning:  Constant DB_PASSWORD already defined in C:\Users\VENTE\Local Sites\medit\app\public\wp-config.php on line 37
[01-Aug-2024 11:52:39 UTC] PHP Warning:  Undefined array key "WORDPRESS_DB_HOST" in C:\Users\VENTE\Local Sites\medit\app\public\wp-config.php on line 40
[01-Aug-2024 11:52:39 UTC] PHP Warning:  Constant DB_HOST already defined in C:\Users\VENTE\Local Sites\medit\app\public\wp-config.php on line 40
[01-Aug-2024 11:52:39 UTC] PHP Warning:  Undefined array key "WORDPRESS_DB_PASSWORD" in C:\Users\VENTE\Local Sites\medit\app\public\wp-config.php on line 51
[01-Aug-2024 11:52:39 UTC] PHP Warning:  Undefined array key "WORDPRESS_DB_PASSWORD" in C:\Users\VENTE\Local Sites\medit\app\public\wp-config.php on line 51
[01-Aug-2024 11:56:09 UTC] PHP Warning:  Undefined array key "WORDPRESS_DB_NAME" in C:\Users\VENTE\Local Sites\medit\app\public\wp-config.php on line 31
[01-Aug-2024 11:56:09 UTC] PHP Warning:  Constant DB_NAME already defined in C:\Users\VENTE\Local Sites\medit\app\public\wp-config.php on line 31
[01-Aug-2024 11:56:09 UTC] PHP Warning:  Undefined array key "WORDPRESS_DB_USER" in C:\Users\VENTE\Local Sites\medit\app\public\wp-config.php on line 34
[01-Aug-2024 11:56:09 UTC] PHP Warning:  Constant DB_USER already defined in C:\Users\VENTE\Local Sites\medit\app\public\wp-config.php on line 34
[01-Aug-2024 11:56:09 UTC] PHP Warning:  Undefined array key "WORDPRESS_DB_PASSWORD" in C:\Users\VENTE\Local Sites\medit\app\public\wp-config.php on line 37
[01-Aug-2024 11:56:09 UTC] PHP Warning:  Constant DB_PASSWORD already defined in C:\Users\VENTE\Local Sites\medit\app\public\wp-config.php on line 37
[01-Aug-2024 11:56:09 UTC] PHP Warning:  Undefined array key "WORDPRESS_DB_HOST" in C:\Users\VENTE\Local Sites\medit\app\public\wp-config.php on line 40
[01-Aug-2024 11:56:09 UTC] PHP Warning:  Constant DB_HOST already defined in C:\Users\VENTE\Local Sites\medit\app\public\wp-config.php on line 40
[01-Aug-2024 11:56:09 UTC] PHP Warning:  Undefined array key "WORDPRESS_DB_PASSWORD" in C:\Users\VENTE\Local Sites\medit\app\public\wp-config.php on line 51
[01-Aug-2024 11:56:09 UTC] PHP Warning:  Undefined array key "WORDPRESS_DB_PASSWORD" in C:\Users\VENTE\Local Sites\medit\app\public\wp-config.php on line 51
[01-Aug-2024 11:58:39 UTC] PHP Warning:  Undefined array key "WORDPRESS_DB_NAME" in C:\Users\VENTE\Local Sites\medit\app\public\wp-config.php on line 31
[01-Aug-2024 11:58:39 UTC] PHP Warning:  Constant DB_NAME already defined in C:\Users\VENTE\Local Sites\medit\app\public\wp-config.php on line 31
[01-Aug-2024 11:58:39 UTC] PHP Warning:  Undefined array key "WORDPRESS_DB_USER" in C:\Users\VENTE\Local Sites\medit\app\public\wp-config.php on line 34
[01-Aug-2024 11:58:39 UTC] PHP Warning:  Constant DB_USER already defined in C:\Users\VENTE\Local Sites\medit\app\public\wp-config.php on line 34
[01-Aug-2024 11:58:39 UTC] PHP Warning:  Undefined array key "WORDPRESS_DB_PASSWORD" in C:\Users\VENTE\Local Sites\medit\app\public\wp-config.php on line 37
[01-Aug-2024 11:58:39 UTC] PHP Warning:  Constant DB_PASSWORD already defined in C:\Users\VENTE\Local Sites\medit\app\public\wp-config.php on line 37
[01-Aug-2024 11:58:39 UTC] PHP Warning:  Undefined array key "WORDPRESS_DB_HOST" in C:\Users\VENTE\Local Sites\medit\app\public\wp-config.php on line 40
[01-Aug-2024 11:58:39 UTC] PHP Warning:  Constant DB_HOST already defined in C:\Users\VENTE\Local Sites\medit\app\public\wp-config.php on line 40
[01-Aug-2024 11:58:39 UTC] PHP Warning:  Undefined array key "WORDPRESS_DB_PASSWORD" in C:\Users\VENTE\Local Sites\medit\app\public\wp-config.php on line 51
[01-Aug-2024 11:58:39 UTC] PHP Warning:  Undefined array key "WORDPRESS_DB_PASSWORD" in C:\Users\VENTE\Local Sites\medit\app\public\wp-config.php on line 51
[01-Aug-2024 11:58:40 UTC] PHP Warning:  Undefined array key "WORDPRESS_DB_NAME" in C:\Users\VENTE\Local Sites\medit\app\public\wp-config.php on line 31
[01-Aug-2024 11:58:40 UTC] PHP Warning:  Constant DB_NAME already defined in C:\Users\VENTE\Local Sites\medit\app\public\wp-config.php on line 31
[01-Aug-2024 11:58:40 UTC] PHP Warning:  Undefined array key "WORDPRESS_DB_USER" in C:\Users\VENTE\Local Sites\medit\app\public\wp-config.php on line 34
[01-Aug-2024 11:58:40 UTC] PHP Warning:  Constant DB_USER already defined in C:\Users\VENTE\Local Sites\medit\app\public\wp-config.php on line 34
[01-Aug-2024 11:58:40 UTC] PHP Warning:  Undefined array key "WORDPRESS_DB_PASSWORD" in C:\Users\VENTE\Local Sites\medit\app\public\wp-config.php on line 37
[01-Aug-2024 11:58:40 UTC] PHP Warning:  Constant DB_PASSWORD already defined in C:\Users\VENTE\Local Sites\medit\app\public\wp-config.php on line 37
[01-Aug-2024 11:58:40 UTC] PHP Warning:  Undefined array key "WORDPRESS_DB_HOST" in C:\Users\VENTE\Local Sites\medit\app\public\wp-config.php on line 40
[01-Aug-2024 11:58:40 UTC] PHP Warning:  Constant DB_HOST already defined in C:\Users\VENTE\Local Sites\medit\app\public\wp-config.php on line 40
[01-Aug-2024 11:58:40 UTC] PHP Warning:  Undefined array key "WORDPRESS_DB_PASSWORD" in C:\Users\VENTE\Local Sites\medit\app\public\wp-config.php on line 51
[01-Aug-2024 11:58:40 UTC] PHP Warning:  Undefined array key "WORDPRESS_DB_PASSWORD" in C:\Users\VENTE\Local Sites\medit\app\public\wp-config.php on line 51
[01-Aug-2024 11:59:26 UTC] PHP Warning:  Undefined array key "WORDPRESS_DB_NAME" in C:\Users\VENTE\Local Sites\medit\app\public\wp-config.php on line 31
[01-Aug-2024 11:59:26 UTC] PHP Warning:  Constant DB_NAME already defined in C:\Users\VENTE\Local Sites\medit\app\public\wp-config.php on line 31
[01-Aug-2024 11:59:26 UTC] PHP Warning:  Undefined array key "WORDPRESS_DB_USER" in C:\Users\VENTE\Local Sites\medit\app\public\wp-config.php on line 34
[01-Aug-2024 11:59:26 UTC] PHP Warning:  Constant DB_USER already defined in C:\Users\VENTE\Local Sites\medit\app\public\wp-config.php on line 34
[01-Aug-2024 11:59:26 UTC] PHP Warning:  Undefined array key "WORDPRESS_DB_PASSWORD" in C:\Users\VENTE\Local Sites\medit\app\public\wp-config.php on line 37
[01-Aug-2024 11:59:26 UTC] PHP Warning:  Constant DB_PASSWORD already defined in C:\Users\VENTE\Local Sites\medit\app\public\wp-config.php on line 37
[01-Aug-2024 11:59:26 UTC] PHP Warning:  Undefined array key "WORDPRESS_DB_HOST" in C:\Users\VENTE\Local Sites\medit\app\public\wp-config.php on line 40
[01-Aug-2024 11:59:26 UTC] PHP Warning:  Constant DB_HOST already defined in C:\Users\VENTE\Local Sites\medit\app\public\wp-config.php on line 40
[01-Aug-2024 11:59:26 UTC] PHP Warning:  Undefined array key "WORDPRESS_DB_PASSWORD" in C:\Users\VENTE\Local Sites\medit\app\public\wp-config.php on line 51
[01-Aug-2024 11:59:26 UTC] PHP Warning:  Undefined array key "WORDPRESS_DB_PASSWORD" in C:\Users\VENTE\Local Sites\medit\app\public\wp-config.php on line 51
[01-Aug-2024 12:02:46 UTC] PHP Warning:  Undefined array key "WORDPRESS_DB_NAME" in C:\Users\VENTE\Local Sites\medit\app\public\wp-config.php on line 31
[01-Aug-2024 12:02:46 UTC] PHP Warning:  Constant DB_NAME already defined in C:\Users\VENTE\Local Sites\medit\app\public\wp-config.php on line 31
[01-Aug-2024 12:02:46 UTC] PHP Warning:  Undefined array key "WORDPRESS_DB_USER" in C:\Users\VENTE\Local Sites\medit\app\public\wp-config.php on line 34
[01-Aug-2024 12:02:46 UTC] PHP Warning:  Constant DB_USER already defined in C:\Users\VENTE\Local Sites\medit\app\public\wp-config.php on line 34
[01-Aug-2024 12:02:46 UTC] PHP Warning:  Undefined array key "WORDPRESS_DB_PASSWORD" in C:\Users\VENTE\Local Sites\medit\app\public\wp-config.php on line 37
[01-Aug-2024 12:02:46 UTC] PHP Warning:  Constant DB_PASSWORD already defined in C:\Users\VENTE\Local Sites\medit\app\public\wp-config.php on line 37
[01-Aug-2024 12:02:46 UTC] PHP Warning:  Undefined array key "WORDPRESS_DB_HOST" in C:\Users\VENTE\Local Sites\medit\app\public\wp-config.php on line 40
[01-Aug-2024 12:02:46 UTC] PHP Warning:  Constant DB_HOST already defined in C:\Users\VENTE\Local Sites\medit\app\public\wp-config.php on line 40
[01-Aug-2024 12:02:46 UTC] PHP Warning:  Undefined array key "WORDPRESS_DB_PASSWORD" in C:\Users\VENTE\Local Sites\medit\app\public\wp-config.php on line 51
[01-Aug-2024 12:02:46 UTC] PHP Warning:  Undefined array key "WORDPRESS_DB_PASSWORD" in C:\Users\VENTE\Local Sites\medit\app\public\wp-config.php on line 51
[01-Aug-2024 12:02:55 UTC] PHP Warning:  Undefined array key "WORDPRESS_DB_NAME" in C:\Users\VENTE\Local Sites\medit\app\public\wp-config.php on line 31
[01-Aug-2024 12:02:55 UTC] PHP Warning:  Undefined array key "WORDPRESS_DB_NAME" in C:\Users\VENTE\Local Sites\medit\app\public\wp-config.php on line 31
[01-Aug-2024 12:02:55 UTC] PHP Warning:  Constant DB_NAME already defined in C:\Users\VENTE\Local Sites\medit\app\public\wp-config.php on line 31
[01-Aug-2024 12:02:55 UTC] PHP Warning:  Constant DB_NAME already defined in C:\Users\VENTE\Local Sites\medit\app\public\wp-config.php on line 31
[01-Aug-2024 12:02:55 UTC] PHP Warning:  Undefined array key "WORDPRESS_DB_USER" in C:\Users\VENTE\Local Sites\medit\app\public\wp-config.php on line 34
[01-Aug-2024 12:02:55 UTC] PHP Warning:  Undefined array key "WORDPRESS_DB_USER" in C:\Users\VENTE\Local Sites\medit\app\public\wp-config.php on line 34
[01-Aug-2024 12:02:55 UTC] PHP Warning:  Constant DB_USER already defined in C:\Users\VENTE\Local Sites\medit\app\public\wp-config.php on line 34
[01-Aug-2024 12:02:55 UTC] PHP Warning:  Constant DB_USER already defined in C:\Users\VENTE\Local Sites\medit\app\public\wp-config.php on line 34
[01-Aug-2024 12:02:55 UTC] PHP Warning:  Undefined array key "WORDPRESS_DB_PASSWORD" in C:\Users\VENTE\Local Sites\medit\app\public\wp-config.php on line 37
[01-Aug-2024 12:02:55 UTC] PHP Warning:  Undefined array key "WORDPRESS_DB_PASSWORD" in C:\Users\VENTE\Local Sites\medit\app\public\wp-config.php on line 37
[01-Aug-2024 12:02:55 UTC] PHP Warning:  Constant DB_PASSWORD already defined in C:\Users\VENTE\Local Sites\medit\app\public\wp-config.php on line 37
[01-Aug-2024 12:02:55 UTC] PHP Warning:  Constant DB_PASSWORD already defined in C:\Users\VENTE\Local Sites\medit\app\public\wp-config.php on line 37
[01-Aug-2024 12:02:55 UTC] PHP Warning:  Undefined array key "WORDPRESS_DB_HOST" in C:\Users\VENTE\Local Sites\medit\app\public\wp-config.php on line 40
[01-Aug-2024 12:02:55 UTC] PHP Warning:  Undefined array key "WORDPRESS_DB_HOST" in C:\Users\VENTE\Local Sites\medit\app\public\wp-config.php on line 40
[01-Aug-2024 12:02:55 UTC] PHP Warning:  Constant DB_HOST already defined in C:\Users\VENTE\Local Sites\medit\app\public\wp-config.php on line 40
[01-Aug-2024 12:02:55 UTC] PHP Warning:  Constant DB_HOST already defined in C:\Users\VENTE\Local Sites\medit\app\public\wp-config.php on line 40
[01-Aug-2024 12:02:55 UTC] PHP Warning:  Undefined array key "WORDPRESS_DB_PASSWORD" in C:\Users\VENTE\Local Sites\medit\app\public\wp-config.php on line 51
[01-Aug-2024 12:02:55 UTC] PHP Warning:  Undefined array key "WORDPRESS_DB_PASSWORD" in C:\Users\VENTE\Local Sites\medit\app\public\wp-config.php on line 51
[01-Aug-2024 12:02:55 UTC] PHP Warning:  Undefined array key "WORDPRESS_DB_PASSWORD" in C:\Users\VENTE\Local Sites\medit\app\public\wp-config.php on line 51
[01-Aug-2024 12:02:55 UTC] PHP Warning:  Undefined array key "WORDPRESS_DB_PASSWORD" in C:\Users\VENTE\Local Sites\medit\app\public\wp-config.php on line 51
[01-Aug-2024 12:03:00 UTC] PHP Warning:  Undefined array key "WORDPRESS_DB_NAME" in C:\Users\VENTE\Local Sites\medit\app\public\wp-config.php on line 31
[01-Aug-2024 12:03:00 UTC] PHP Warning:  Constant DB_NAME already defined in C:\Users\VENTE\Local Sites\medit\app\public\wp-config.php on line 31
[01-Aug-2024 12:03:00 UTC] PHP Warning:  Undefined array key "WORDPRESS_DB_USER" in C:\Users\VENTE\Local Sites\medit\app\public\wp-config.php on line 34
[01-Aug-2024 12:03:00 UTC] PHP Warning:  Constant DB_USER already defined in C:\Users\VENTE\Local Sites\medit\app\public\wp-config.php on line 34
[01-Aug-2024 12:03:00 UTC] PHP Warning:  Undefined array key "WORDPRESS_DB_PASSWORD" in C:\Users\VENTE\Local Sites\medit\app\public\wp-config.php on line 37
[01-Aug-2024 12:03:00 UTC] PHP Warning:  Constant DB_PASSWORD already defined in C:\Users\VENTE\Local Sites\medit\app\public\wp-config.php on line 37
[01-Aug-2024 12:03:00 UTC] PHP Warning:  Undefined array key "WORDPRESS_DB_HOST" in C:\Users\VENTE\Local Sites\medit\app\public\wp-config.php on line 40
[01-Aug-2024 12:03:00 UTC] PHP Warning:  Constant DB_HOST already defined in C:\Users\VENTE\Local Sites\medit\app\public\wp-config.php on line 40
[01-Aug-2024 12:03:00 UTC] PHP Warning:  Undefined array key "WORDPRESS_DB_PASSWORD" in C:\Users\VENTE\Local Sites\medit\app\public\wp-config.php on line 51
[01-Aug-2024 12:03:00 UTC] PHP Warning:  Undefined array key "WORDPRESS_DB_PASSWORD" in C:\Users\VENTE\Local Sites\medit\app\public\wp-config.php on line 51
[01-Aug-2024 12:03:25 UTC] PHP Warning:  Undefined array key "WORDPRESS_DB_NAME" in C:\Users\VENTE\Local Sites\medit\app\public\wp-config.php on line 31
[01-Aug-2024 12:03:25 UTC] PHP Warning:  Constant DB_NAME already defined in C:\Users\VENTE\Local Sites\medit\app\public\wp-config.php on line 31
[01-Aug-2024 12:03:25 UTC] PHP Warning:  Undefined array key "WORDPRESS_DB_USER" in C:\Users\VENTE\Local Sites\medit\app\public\wp-config.php on line 34
[01-Aug-2024 12:03:25 UTC] PHP Warning:  Constant DB_USER already defined in C:\Users\VENTE\Local Sites\medit\app\public\wp-config.php on line 34
[01-Aug-2024 12:03:25 UTC] PHP Warning:  Undefined array key "WORDPRESS_DB_PASSWORD" in C:\Users\VENTE\Local Sites\medit\app\public\wp-config.php on line 37
[01-Aug-2024 12:03:25 UTC] PHP Warning:  Constant DB_PASSWORD already defined in C:\Users\VENTE\Local Sites\medit\app\public\wp-config.php on line 37
[01-Aug-2024 12:03:25 UTC] PHP Warning:  Undefined array key "WORDPRESS_DB_HOST" in C:\Users\VENTE\Local Sites\medit\app\public\wp-config.php on line 40
[01-Aug-2024 12:03:25 UTC] PHP Warning:  Constant DB_HOST already defined in C:\Users\VENTE\Local Sites\medit\app\public\wp-config.php on line 40
[01-Aug-2024 12:03:25 UTC] PHP Warning:  Undefined array key "WORDPRESS_DB_PASSWORD" in C:\Users\VENTE\Local Sites\medit\app\public\wp-config.php on line 51
[01-Aug-2024 12:03:25 UTC] PHP Warning:  Undefined array key "WORDPRESS_DB_PASSWORD" in C:\Users\VENTE\Local Sites\medit\app\public\wp-config.php on line 51
[01-Aug-2024 12:03:38 UTC] PHP Warning:  Undefined array key "WORDPRESS_DB_NAME" in C:\Users\VENTE\Local Sites\medit\app\public\wp-config.php on line 31
[01-Aug-2024 12:03:38 UTC] PHP Warning:  Constant DB_NAME already defined in C:\Users\VENTE\Local Sites\medit\app\public\wp-config.php on line 31
[01-Aug-2024 12:03:38 UTC] PHP Warning:  Undefined array key "WORDPRESS_DB_USER" in C:\Users\VENTE\Local Sites\medit\app\public\wp-config.php on line 34
[01-Aug-2024 12:03:38 UTC] PHP Warning:  Constant DB_USER already defined in C:\Users\VENTE\Local Sites\medit\app\public\wp-config.php on line 34
[01-Aug-2024 12:03:38 UTC] PHP Warning:  Undefined array key "WORDPRESS_DB_PASSWORD" in C:\Users\VENTE\Local Sites\medit\app\public\wp-config.php on line 37
[01-Aug-2024 12:03:38 UTC] PHP Warning:  Constant DB_PASSWORD already defined in C:\Users\VENTE\Local Sites\medit\app\public\wp-config.php on line 37
[01-Aug-2024 12:03:38 UTC] PHP Warning:  Undefined array key "WORDPRESS_DB_HOST" in C:\Users\VENTE\Local Sites\medit\app\public\wp-config.php on line 40
[01-Aug-2024 12:03:38 UTC] PHP Warning:  Constant DB_HOST already defined in C:\Users\VENTE\Local Sites\medit\app\public\wp-config.php on line 40
[01-Aug-2024 12:03:38 UTC] PHP Warning:  Undefined array key "WORDPRESS_DB_PASSWORD" in C:\Users\VENTE\Local Sites\medit\app\public\wp-config.php on line 51
[01-Aug-2024 12:03:38 UTC] PHP Warning:  Undefined array key "WORDPRESS_DB_PASSWORD" in C:\Users\VENTE\Local Sites\medit\app\public\wp-config.php on line 51
[01-Aug-2024 12:03:40 UTC] PHP Warning:  Undefined array key "WORDPRESS_DB_NAME" in C:\Users\VENTE\Local Sites\medit\app\public\wp-config.php on line 31
[01-Aug-2024 12:03:40 UTC] PHP Warning:  Constant DB_NAME already defined in C:\Users\VENTE\Local Sites\medit\app\public\wp-config.php on line 31
[01-Aug-2024 12:03:40 UTC] PHP Warning:  Undefined array key "WORDPRESS_DB_USER" in C:\Users\VENTE\Local Sites\medit\app\public\wp-config.php on line 34
[01-Aug-2024 12:03:40 UTC] PHP Warning:  Constant DB_USER already defined in C:\Users\VENTE\Local Sites\medit\app\public\wp-config.php on line 34
[01-Aug-2024 12:03:40 UTC] PHP Warning:  Undefined array key "WORDPRESS_DB_PASSWORD" in C:\Users\VENTE\Local Sites\medit\app\public\wp-config.php on line 37
[01-Aug-2024 12:03:40 UTC] PHP Warning:  Constant DB_PASSWORD already defined in C:\Users\VENTE\Local Sites\medit\app\public\wp-config.php on line 37
[01-Aug-2024 12:03:40 UTC] PHP Warning:  Undefined array key "WORDPRESS_DB_HOST" in C:\Users\VENTE\Local Sites\medit\app\public\wp-config.php on line 40
[01-Aug-2024 12:03:40 UTC] PHP Warning:  Constant DB_HOST already defined in C:\Users\VENTE\Local Sites\medit\app\public\wp-config.php on line 40
[01-Aug-2024 12:03:40 UTC] PHP Warning:  Undefined array key "WORDPRESS_DB_PASSWORD" in C:\Users\VENTE\Local Sites\medit\app\public\wp-config.php on line 51
[01-Aug-2024 12:03:40 UTC] PHP Warning:  Undefined array key "WORDPRESS_DB_PASSWORD" in C:\Users\VENTE\Local Sites\medit\app\public\wp-config.php on line 51
[01-Aug-2024 12:03:40 UTC] PHP Warning:  Undefined array key "WORDPRESS_DB_NAME" in C:\Users\VENTE\Local Sites\medit\app\public\wp-config.php on line 31
[01-Aug-2024 12:03:40 UTC] PHP Warning:  Constant DB_NAME already defined in C:\Users\VENTE\Local Sites\medit\app\public\wp-config.php on line 31
[01-Aug-2024 12:03:40 UTC] PHP Warning:  Undefined array key "WORDPRESS_DB_USER" in C:\Users\VENTE\Local Sites\medit\app\public\wp-config.php on line 34
[01-Aug-2024 12:03:40 UTC] PHP Warning:  Constant DB_USER already defined in C:\Users\VENTE\Local Sites\medit\app\public\wp-config.php on line 34
[01-Aug-2024 12:03:40 UTC] PHP Warning:  Undefined array key "WORDPRESS_DB_PASSWORD" in C:\Users\VENTE\Local Sites\medit\app\public\wp-config.php on line 37
[01-Aug-2024 12:03:40 UTC] PHP Warning:  Constant DB_PASSWORD already defined in C:\Users\VENTE\Local Sites\medit\app\public\wp-config.php on line 37
[01-Aug-2024 12:03:40 UTC] PHP Warning:  Undefined array key "WORDPRESS_DB_HOST" in C:\Users\VENTE\Local Sites\medit\app\public\wp-config.php on line 40
[01-Aug-2024 12:03:40 UTC] PHP Warning:  Constant DB_HOST already defined in C:\Users\VENTE\Local Sites\medit\app\public\wp-config.php on line 40
[01-Aug-2024 12:03:40 UTC] PHP Warning:  Undefined array key "WORDPRESS_DB_PASSWORD" in C:\Users\VENTE\Local Sites\medit\app\public\wp-config.php on line 51
[01-Aug-2024 12:03:40 UTC] PHP Warning:  Undefined array key "WORDPRESS_DB_PASSWORD" in C:\Users\VENTE\Local Sites\medit\app\public\wp-config.php on line 51
[01-Aug-2024 12:03:41 UTC] PHP Warning:  Undefined array key "WORDPRESS_DB_NAME" in C:\Users\VENTE\Local Sites\medit\app\public\wp-config.php on line 31
[01-Aug-2024 12:03:41 UTC] PHP Warning:  Constant DB_NAME already defined in C:\Users\VENTE\Local Sites\medit\app\public\wp-config.php on line 31
[01-Aug-2024 12:03:41 UTC] PHP Warning:  Undefined array key "WORDPRESS_DB_USER" in C:\Users\VENTE\Local Sites\medit\app\public\wp-config.php on line 34
[01-Aug-2024 12:03:41 UTC] PHP Warning:  Constant DB_USER already defined in C:\Users\VENTE\Local Sites\medit\app\public\wp-config.php on line 34
[01-Aug-2024 12:03:41 UTC] PHP Warning:  Undefined array key "WORDPRESS_DB_PASSWORD" in C:\Users\VENTE\Local Sites\medit\app\public\wp-config.php on line 37
[01-Aug-2024 12:03:41 UTC] PHP Warning:  Constant DB_PASSWORD already defined in C:\Users\VENTE\Local Sites\medit\app\public\wp-config.php on line 37
[01-Aug-2024 12:03:41 UTC] PHP Warning:  Undefined array key "WORDPRESS_DB_HOST" in C:\Users\VENTE\Local Sites\medit\app\public\wp-config.php on line 40
[01-Aug-2024 12:03:41 UTC] PHP Warning:  Constant DB_HOST already defined in C:\Users\VENTE\Local Sites\medit\app\public\wp-config.php on line 40
[01-Aug-2024 12:03:41 UTC] PHP Warning:  Undefined array key "WORDPRESS_DB_PASSWORD" in C:\Users\VENTE\Local Sites\medit\app\public\wp-config.php on line 51
[01-Aug-2024 12:03:41 UTC] PHP Warning:  Undefined array key "WORDPRESS_DB_PASSWORD" in C:\Users\VENTE\Local Sites\medit\app\public\wp-config.php on line 51
[01-Aug-2024 12:07:36 UTC] PHP Warning:  Undefined array key "WORDPRESS_DB_NAME" in C:\Users\VENTE\Local Sites\medit\app\public\wp-config.php on line 31
[01-Aug-2024 12:07:36 UTC] PHP Warning:  Constant DB_NAME already defined in C:\Users\VENTE\Local Sites\medit\app\public\wp-config.php on line 31
[01-Aug-2024 12:07:36 UTC] PHP Warning:  Undefined array key "WORDPRESS_DB_USER" in C:\Users\VENTE\Local Sites\medit\app\public\wp-config.php on line 34
[01-Aug-2024 12:07:36 UTC] PHP Warning:  Constant DB_USER already defined in C:\Users\VENTE\Local Sites\medit\app\public\wp-config.php on line 34
[01-Aug-2024 12:07:36 UTC] PHP Warning:  Undefined array key "WORDPRESS_DB_PASSWORD" in C:\Users\VENTE\Local Sites\medit\app\public\wp-config.php on line 37
[01-Aug-2024 12:07:36 UTC] PHP Warning:  Constant DB_PASSWORD already defined in C:\Users\VENTE\Local Sites\medit\app\public\wp-config.php on line 37
[01-Aug-2024 12:07:36 UTC] PHP Warning:  Undefined array key "WORDPRESS_DB_HOST" in C:\Users\VENTE\Local Sites\medit\app\public\wp-config.php on line 40
[01-Aug-2024 12:07:36 UTC] PHP Warning:  Constant DB_HOST already defined in C:\Users\VENTE\Local Sites\medit\app\public\wp-config.php on line 40
[01-Aug-2024 12:07:36 UTC] PHP Warning:  Undefined array key "WORDPRESS_DB_PASSWORD" in C:\Users\VENTE\Local Sites\medit\app\public\wp-config.php on line 51
[01-Aug-2024 12:07:36 UTC] PHP Warning:  Undefined array key "WORDPRESS_DB_PASSWORD" in C:\Users\VENTE\Local Sites\medit\app\public\wp-config.php on line 51
[01-Aug-2024 12:07:36 UTC] PHP Warning:  Undefined array key "WORDPRESS_DB_NAME" in C:\Users\VENTE\Local Sites\medit\app\public\wp-config.php on line 31
[01-Aug-2024 12:07:36 UTC] PHP Warning:  Constant DB_NAME already defined in C:\Users\VENTE\Local Sites\medit\app\public\wp-config.php on line 31
[01-Aug-2024 12:07:36 UTC] PHP Warning:  Undefined array key "WORDPRESS_DB_USER" in C:\Users\VENTE\Local Sites\medit\app\public\wp-config.php on line 34
[01-Aug-2024 12:07:36 UTC] PHP Warning:  Constant DB_USER already defined in C:\Users\VENTE\Local Sites\medit\app\public\wp-config.php on line 34
[01-Aug-2024 12:07:36 UTC] PHP Warning:  Undefined array key "WORDPRESS_DB_PASSWORD" in C:\Users\VENTE\Local Sites\medit\app\public\wp-config.php on line 37
[01-Aug-2024 12:07:36 UTC] PHP Warning:  Constant DB_PASSWORD already defined in C:\Users\VENTE\Local Sites\medit\app\public\wp-config.php on line 37
[01-Aug-2024 12:07:36 UTC] PHP Warning:  Undefined array key "WORDPRESS_DB_HOST" in C:\Users\VENTE\Local Sites\medit\app\public\wp-config.php on line 40
[01-Aug-2024 12:07:36 UTC] PHP Warning:  Constant DB_HOST already defined in C:\Users\VENTE\Local Sites\medit\app\public\wp-config.php on line 40
[01-Aug-2024 12:07:36 UTC] PHP Warning:  Undefined array key "WORDPRESS_DB_PASSWORD" in C:\Users\VENTE\Local Sites\medit\app\public\wp-config.php on line 51
[01-Aug-2024 12:07:36 UTC] PHP Warning:  Undefined array key "WORDPRESS_DB_PASSWORD" in C:\Users\VENTE\Local Sites\medit\app\public\wp-config.php on line 51
[01-Aug-2024 12:07:37 UTC] PHP Warning:  Undefined array key "WORDPRESS_DB_NAME" in C:\Users\VENTE\Local Sites\medit\app\public\wp-config.php on line 31
[01-Aug-2024 12:07:37 UTC] PHP Warning:  Constant DB_NAME already defined in C:\Users\VENTE\Local Sites\medit\app\public\wp-config.php on line 31
[01-Aug-2024 12:07:37 UTC] PHP Warning:  Undefined array key "WORDPRESS_DB_USER" in C:\Users\VENTE\Local Sites\medit\app\public\wp-config.php on line 34
[01-Aug-2024 12:07:37 UTC] PHP Warning:  Constant DB_USER already defined in C:\Users\VENTE\Local Sites\medit\app\public\wp-config.php on line 34
[01-Aug-2024 12:07:37 UTC] PHP Warning:  Undefined array key "WORDPRESS_DB_PASSWORD" in C:\Users\VENTE\Local Sites\medit\app\public\wp-config.php on line 37
[01-Aug-2024 12:07:37 UTC] PHP Warning:  Constant DB_PASSWORD already defined in C:\Users\VENTE\Local Sites\medit\app\public\wp-config.php on line 37
[01-Aug-2024 12:07:37 UTC] PHP Warning:  Undefined array key "WORDPRESS_DB_HOST" in C:\Users\VENTE\Local Sites\medit\app\public\wp-config.php on line 40
[01-Aug-2024 12:07:37 UTC] PHP Warning:  Constant DB_HOST already defined in C:\Users\VENTE\Local Sites\medit\app\public\wp-config.php on line 40
[01-Aug-2024 12:07:37 UTC] PHP Warning:  Undefined array key "WORDPRESS_DB_PASSWORD" in C:\Users\VENTE\Local Sites\medit\app\public\wp-config.php on line 51
[01-Aug-2024 12:07:37 UTC] PHP Warning:  Undefined array key "WORDPRESS_DB_PASSWORD" in C:\Users\VENTE\Local Sites\medit\app\public\wp-config.php on line 51
[01-Aug-2024 12:07:37 UTC] PHP Warning:  Undefined array key "WORDPRESS_DB_NAME" in C:\Users\VENTE\Local Sites\medit\app\public\wp-config.php on line 31
[01-Aug-2024 12:07:37 UTC] PHP Warning:  Constant DB_NAME already defined in C:\Users\VENTE\Local Sites\medit\app\public\wp-config.php on line 31
[01-Aug-2024 12:07:37 UTC] PHP Warning:  Undefined array key "WORDPRESS_DB_USER" in C:\Users\VENTE\Local Sites\medit\app\public\wp-config.php on line 34
[01-Aug-2024 12:07:37 UTC] PHP Warning:  Constant DB_USER already defined in C:\Users\VENTE\Local Sites\medit\app\public\wp-config.php on line 34
[01-Aug-2024 12:07:37 UTC] PHP Warning:  Undefined array key "WORDPRESS_DB_PASSWORD" in C:\Users\VENTE\Local Sites\medit\app\public\wp-config.php on line 37
[01-Aug-2024 12:07:37 UTC] PHP Warning:  Constant DB_PASSWORD already defined in C:\Users\VENTE\Local Sites\medit\app\public\wp-config.php on line 37
[01-Aug-2024 12:07:37 UTC] PHP Warning:  Undefined array key "WORDPRESS_DB_HOST" in C:\Users\VENTE\Local Sites\medit\app\public\wp-config.php on line 40
[01-Aug-2024 12:07:37 UTC] PHP Warning:  Constant DB_HOST already defined in C:\Users\VENTE\Local Sites\medit\app\public\wp-config.php on line 40
[01-Aug-2024 12:07:37 UTC] PHP Warning:  Undefined array key "WORDPRESS_DB_PASSWORD" in C:\Users\VENTE\Local Sites\medit\app\public\wp-config.php on line 51
[01-Aug-2024 12:07:37 UTC] PHP Warning:  Undefined array key "WORDPRESS_DB_PASSWORD" in C:\Users\VENTE\Local Sites\medit\app\public\wp-config.php on line 51
[01-Aug-2024 12:08:16 UTC] PHP Warning:  Undefined array key "local" in C:\Users\VENTE\Local Sites\medit\app\public\wp-config.php on line 31
[01-Aug-2024 12:08:16 UTC] PHP Warning:  Constant DB_NAME already defined in C:\Users\VENTE\Local Sites\medit\app\public\wp-config.php on line 31
[01-Aug-2024 12:08:16 UTC] PHP Warning:  Undefined array key "WORDPRESS_DB_USER" in C:\Users\VENTE\Local Sites\medit\app\public\wp-config.php on line 34
[01-Aug-2024 12:08:16 UTC] PHP Warning:  Constant DB_USER already defined in C:\Users\VENTE\Local Sites\medit\app\public\wp-config.php on line 34
[01-Aug-2024 12:08:16 UTC] PHP Warning:  Undefined array key "WORDPRESS_DB_PASSWORD" in C:\Users\VENTE\Local Sites\medit\app\public\wp-config.php on line 37
[01-Aug-2024 12:08:16 UTC] PHP Warning:  Constant DB_PASSWORD already defined in C:\Users\VENTE\Local Sites\medit\app\public\wp-config.php on line 37
[01-Aug-2024 12:08:16 UTC] PHP Warning:  Undefined array key "WORDPRESS_DB_HOST" in C:\Users\VENTE\Local Sites\medit\app\public\wp-config.php on line 40
[01-Aug-2024 12:08:16 UTC] PHP Warning:  Constant DB_HOST already defined in C:\Users\VENTE\Local Sites\medit\app\public\wp-config.php on line 40
[01-Aug-2024 12:08:16 UTC] PHP Warning:  Undefined array key "WORDPRESS_DB_PASSWORD" in C:\Users\VENTE\Local Sites\medit\app\public\wp-config.php on line 51
[01-Aug-2024 12:08:16 UTC] PHP Warning:  Undefined array key "WORDPRESS_DB_PASSWORD" in C:\Users\VENTE\Local Sites\medit\app\public\wp-config.php on line 51
[01-Aug-2024 12:08:16 UTC] PHP Warning:  Undefined array key "local" in C:\Users\VENTE\Local Sites\medit\app\public\wp-config.php on line 31
[01-Aug-2024 12:08:16 UTC] PHP Warning:  Constant DB_NAME already defined in C:\Users\VENTE\Local Sites\medit\app\public\wp-config.php on line 31
[01-Aug-2024 12:08:16 UTC] PHP Warning:  Undefined array key "WORDPRESS_DB_USER" in C:\Users\VENTE\Local Sites\medit\app\public\wp-config.php on line 34
[01-Aug-2024 12:08:16 UTC] PHP Warning:  Constant DB_USER already defined in C:\Users\VENTE\Local Sites\medit\app\public\wp-config.php on line 34
[01-Aug-2024 12:08:16 UTC] PHP Warning:  Undefined array key "WORDPRESS_DB_PASSWORD" in C:\Users\VENTE\Local Sites\medit\app\public\wp-config.php on line 37
[01-Aug-2024 12:08:16 UTC] PHP Warning:  Constant DB_PASSWORD already defined in C:\Users\VENTE\Local Sites\medit\app\public\wp-config.php on line 37
[01-Aug-2024 12:08:16 UTC] PHP Warning:  Undefined array key "WORDPRESS_DB_HOST" in C:\Users\VENTE\Local Sites\medit\app\public\wp-config.php on line 40
[01-Aug-2024 12:08:16 UTC] PHP Warning:  Constant DB_HOST already defined in C:\Users\VENTE\Local Sites\medit\app\public\wp-config.php on line 40
[01-Aug-2024 12:08:16 UTC] PHP Warning:  Undefined array key "WORDPRESS_DB_PASSWORD" in C:\Users\VENTE\Local Sites\medit\app\public\wp-config.php on line 51
[01-Aug-2024 12:08:16 UTC] PHP Warning:  Undefined array key "WORDPRESS_DB_PASSWORD" in C:\Users\VENTE\Local Sites\medit\app\public\wp-config.php on line 51
[01-Aug-2024 12:08:17 UTC] PHP Warning:  Undefined array key "local" in C:\Users\VENTE\Local Sites\medit\app\public\wp-config.php on line 31
[01-Aug-2024 12:08:17 UTC] PHP Warning:  Constant DB_NAME already defined in C:\Users\VENTE\Local Sites\medit\app\public\wp-config.php on line 31
[01-Aug-2024 12:08:17 UTC] PHP Warning:  Undefined array key "WORDPRESS_DB_USER" in C:\Users\VENTE\Local Sites\medit\app\public\wp-config.php on line 34
[01-Aug-2024 12:08:17 UTC] PHP Warning:  Constant DB_USER already defined in C:\Users\VENTE\Local Sites\medit\app\public\wp-config.php on line 34
[01-Aug-2024 12:08:17 UTC] PHP Warning:  Undefined array key "WORDPRESS_DB_PASSWORD" in C:\Users\VENTE\Local Sites\medit\app\public\wp-config.php on line 37
[01-Aug-2024 12:08:17 UTC] PHP Warning:  Constant DB_PASSWORD already defined in C:\Users\VENTE\Local Sites\medit\app\public\wp-config.php on line 37
[01-Aug-2024 12:08:17 UTC] PHP Warning:  Undefined array key "WORDPRESS_DB_HOST" in C:\Users\VENTE\Local Sites\medit\app\public\wp-config.php on line 40
[01-Aug-2024 12:08:17 UTC] PHP Warning:  Constant DB_HOST already defined in C:\Users\VENTE\Local Sites\medit\app\public\wp-config.php on line 40
[01-Aug-2024 12:08:17 UTC] PHP Warning:  Undefined array key "WORDPRESS_DB_PASSWORD" in C:\Users\VENTE\Local Sites\medit\app\public\wp-config.php on line 51
[01-Aug-2024 12:08:17 UTC] PHP Warning:  Undefined array key "WORDPRESS_DB_PASSWORD" in C:\Users\VENTE\Local Sites\medit\app\public\wp-config.php on line 51
[01-Aug-2024 12:08:17 UTC] PHP Warning:  Undefined array key "local" in C:\Users\VENTE\Local Sites\medit\app\public\wp-config.php on line 31
[01-Aug-2024 12:08:17 UTC] PHP Warning:  Constant DB_NAME already defined in C:\Users\VENTE\Local Sites\medit\app\public\wp-config.php on line 31
[01-Aug-2024 12:08:17 UTC] PHP Warning:  Undefined array key "WORDPRESS_DB_USER" in C:\Users\VENTE\Local Sites\medit\app\public\wp-config.php on line 34
[01-Aug-2024 12:08:17 UTC] PHP Warning:  Constant DB_USER already defined in C:\Users\VENTE\Local Sites\medit\app\public\wp-config.php on line 34
[01-Aug-2024 12:08:17 UTC] PHP Warning:  Undefined array key "WORDPRESS_DB_PASSWORD" in C:\Users\VENTE\Local Sites\medit\app\public\wp-config.php on line 37
[01-Aug-2024 12:08:17 UTC] PHP Warning:  Constant DB_PASSWORD already defined in C:\Users\VENTE\Local Sites\medit\app\public\wp-config.php on line 37
[01-Aug-2024 12:08:17 UTC] PHP Warning:  Undefined array key "WORDPRESS_DB_HOST" in C:\Users\VENTE\Local Sites\medit\app\public\wp-config.php on line 40
[01-Aug-2024 12:08:17 UTC] PHP Warning:  Constant DB_HOST already defined in C:\Users\VENTE\Local Sites\medit\app\public\wp-config.php on line 40
[01-Aug-2024 12:08:17 UTC] PHP Warning:  Undefined array key "WORDPRESS_DB_PASSWORD" in C:\Users\VENTE\Local Sites\medit\app\public\wp-config.php on line 51
[01-Aug-2024 12:08:17 UTC] PHP Warning:  Undefined array key "WORDPRESS_DB_PASSWORD" in C:\Users\VENTE\Local Sites\medit\app\public\wp-config.php on line 51
[01-Aug-2024 12:08:57 UTC] PHP Warning:  Undefined array key "DB_NAME" in C:\Users\VENTE\Local Sites\medit\app\public\wp-config.php on line 31
[01-Aug-2024 12:08:57 UTC] PHP Warning:  Constant DB_NAME already defined in C:\Users\VENTE\Local Sites\medit\app\public\wp-config.php on line 31
[01-Aug-2024 12:08:57 UTC] PHP Warning:  Undefined array key "DB_USER" in C:\Users\VENTE\Local Sites\medit\app\public\wp-config.php on line 34
[01-Aug-2024 12:08:57 UTC] PHP Warning:  Constant DB_USER already defined in C:\Users\VENTE\Local Sites\medit\app\public\wp-config.php on line 34
[01-Aug-2024 12:08:57 UTC] PHP Warning:  Undefined array key "DB_PASSWORD" in C:\Users\VENTE\Local Sites\medit\app\public\wp-config.php on line 37
[01-Aug-2024 12:08:57 UTC] PHP Warning:  Constant DB_PASSWORD already defined in C:\Users\VENTE\Local Sites\medit\app\public\wp-config.php on line 37
[01-Aug-2024 12:08:57 UTC] PHP Warning:  Undefined array key "DB_HOST" in C:\Users\VENTE\Local Sites\medit\app\public\wp-config.php on line 40
[01-Aug-2024 12:08:57 UTC] PHP Warning:  Constant DB_HOST already defined in C:\Users\VENTE\Local Sites\medit\app\public\wp-config.php on line 40
[01-Aug-2024 12:08:57 UTC] PHP Warning:  Undefined array key "WORDPRESS_DB_PASSWORD" in C:\Users\VENTE\Local Sites\medit\app\public\wp-config.php on line 51
[01-Aug-2024 12:08:57 UTC] PHP Warning:  Undefined array key "WORDPRESS_DB_PASSWORD" in C:\Users\VENTE\Local Sites\medit\app\public\wp-config.php on line 51
[01-Aug-2024 12:08:58 UTC] PHP Warning:  Undefined array key "DB_NAME" in C:\Users\VENTE\Local Sites\medit\app\public\wp-config.php on line 31
[01-Aug-2024 12:08:58 UTC] PHP Warning:  Constant DB_NAME already defined in C:\Users\VENTE\Local Sites\medit\app\public\wp-config.php on line 31
[01-Aug-2024 12:08:58 UTC] PHP Warning:  Undefined array key "DB_USER" in C:\Users\VENTE\Local Sites\medit\app\public\wp-config.php on line 34
[01-Aug-2024 12:08:58 UTC] PHP Warning:  Constant DB_USER already defined in C:\Users\VENTE\Local Sites\medit\app\public\wp-config.php on line 34
[01-Aug-2024 12:08:58 UTC] PHP Warning:  Undefined array key "DB_PASSWORD" in C:\Users\VENTE\Local Sites\medit\app\public\wp-config.php on line 37
[01-Aug-2024 12:08:58 UTC] PHP Warning:  Constant DB_PASSWORD already defined in C:\Users\VENTE\Local Sites\medit\app\public\wp-config.php on line 37
[01-Aug-2024 12:08:58 UTC] PHP Warning:  Undefined array key "DB_HOST" in C:\Users\VENTE\Local Sites\medit\app\public\wp-config.php on line 40
[01-Aug-2024 12:08:58 UTC] PHP Warning:  Constant DB_HOST already defined in C:\Users\VENTE\Local Sites\medit\app\public\wp-config.php on line 40
[01-Aug-2024 12:08:58 UTC] PHP Warning:  Undefined array key "WORDPRESS_DB_PASSWORD" in C:\Users\VENTE\Local Sites\medit\app\public\wp-config.php on line 51
[01-Aug-2024 12:08:58 UTC] PHP Warning:  Undefined array key "WORDPRESS_DB_PASSWORD" in C:\Users\VENTE\Local Sites\medit\app\public\wp-config.php on line 51
[01-Aug-2024 12:08:58 UTC] PHP Warning:  Undefined array key "DB_NAME" in C:\Users\VENTE\Local Sites\medit\app\public\wp-config.php on line 31
[01-Aug-2024 12:08:58 UTC] PHP Warning:  Constant DB_NAME already defined in C:\Users\VENTE\Local Sites\medit\app\public\wp-config.php on line 31
[01-Aug-2024 12:08:58 UTC] PHP Warning:  Undefined array key "DB_USER" in C:\Users\VENTE\Local Sites\medit\app\public\wp-config.php on line 34
[01-Aug-2024 12:08:58 UTC] PHP Warning:  Constant DB_USER already defined in C:\Users\VENTE\Local Sites\medit\app\public\wp-config.php on line 34
[01-Aug-2024 12:08:58 UTC] PHP Warning:  Undefined array key "DB_PASSWORD" in C:\Users\VENTE\Local Sites\medit\app\public\wp-config.php on line 37
[01-Aug-2024 12:08:58 UTC] PHP Warning:  Constant DB_PASSWORD already defined in C:\Users\VENTE\Local Sites\medit\app\public\wp-config.php on line 37
[01-Aug-2024 12:08:58 UTC] PHP Warning:  Undefined array key "DB_HOST" in C:\Users\VENTE\Local Sites\medit\app\public\wp-config.php on line 40
[01-Aug-2024 12:08:58 UTC] PHP Warning:  Constant DB_HOST already defined in C:\Users\VENTE\Local Sites\medit\app\public\wp-config.php on line 40
[01-Aug-2024 12:08:58 UTC] PHP Warning:  Undefined array key "WORDPRESS_DB_PASSWORD" in C:\Users\VENTE\Local Sites\medit\app\public\wp-config.php on line 51
[01-Aug-2024 12:08:58 UTC] PHP Warning:  Undefined array key "WORDPRESS_DB_PASSWORD" in C:\Users\VENTE\Local Sites\medit\app\public\wp-config.php on line 51
[01-Aug-2024 12:08:58 UTC] PHP Warning:  Undefined array key "DB_NAME" in C:\Users\VENTE\Local Sites\medit\app\public\wp-config.php on line 31
[01-Aug-2024 12:08:58 UTC] PHP Warning:  Constant DB_NAME already defined in C:\Users\VENTE\Local Sites\medit\app\public\wp-config.php on line 31
[01-Aug-2024 12:08:58 UTC] PHP Warning:  Undefined array key "DB_USER" in C:\Users\VENTE\Local Sites\medit\app\public\wp-config.php on line 34
[01-Aug-2024 12:08:58 UTC] PHP Warning:  Constant DB_USER already defined in C:\Users\VENTE\Local Sites\medit\app\public\wp-config.php on line 34
[01-Aug-2024 12:08:58 UTC] PHP Warning:  Undefined array key "DB_PASSWORD" in C:\Users\VENTE\Local Sites\medit\app\public\wp-config.php on line 37
[01-Aug-2024 12:08:58 UTC] PHP Warning:  Constant DB_PASSWORD already defined in C:\Users\VENTE\Local Sites\medit\app\public\wp-config.php on line 37
[01-Aug-2024 12:08:58 UTC] PHP Warning:  Undefined array key "DB_HOST" in C:\Users\VENTE\Local Sites\medit\app\public\wp-config.php on line 40
[01-Aug-2024 12:08:58 UTC] PHP Warning:  Constant DB_HOST already defined in C:\Users\VENTE\Local Sites\medit\app\public\wp-config.php on line 40
[01-Aug-2024 12:08:58 UTC] PHP Warning:  Undefined array key "WORDPRESS_DB_PASSWORD" in C:\Users\VENTE\Local Sites\medit\app\public\wp-config.php on line 51
[01-Aug-2024 12:08:58 UTC] PHP Warning:  Undefined array key "WORDPRESS_DB_PASSWORD" in C:\Users\VENTE\Local Sites\medit\app\public\wp-config.php on line 51
[01-Aug-2024 12:09:37 UTC] PHP Warning:  Undefined array key "WORDPRESS_DB_PASSWORD" in C:\Users\VENTE\Local Sites\medit\app\public\wp-config.php on line 51
[01-Aug-2024 12:09:37 UTC] PHP Warning:  Undefined array key "WORDPRESS_DB_PASSWORD" in C:\Users\VENTE\Local Sites\medit\app\public\wp-config.php on line 51
[01-Aug-2024 12:09:37 UTC] PHP Warning:  Undefined array key "WORDPRESS_DB_PASSWORD" in C:\Users\VENTE\Local Sites\medit\app\public\wp-config.php on line 51
[01-Aug-2024 12:09:37 UTC] PHP Warning:  Undefined array key "WORDPRESS_DB_PASSWORD" in C:\Users\VENTE\Local Sites\medit\app\public\wp-config.php on line 51
[01-Aug-2024 12:09:38 UTC] PHP Warning:  Undefined array key "WORDPRESS_DB_PASSWORD" in C:\Users\VENTE\Local Sites\medit\app\public\wp-config.php on line 51
[01-Aug-2024 12:09:38 UTC] PHP Warning:  Undefined array key "WORDPRESS_DB_PASSWORD" in C:\Users\VENTE\Local Sites\medit\app\public\wp-config.php on line 51
[01-Aug-2024 12:09:38 UTC] PHP Warning:  Undefined array key "WORDPRESS_DB_PASSWORD" in C:\Users\VENTE\Local Sites\medit\app\public\wp-config.php on line 51
[01-Aug-2024 12:09:38 UTC] PHP Warning:  Undefined array key "WORDPRESS_DB_PASSWORD" in C:\Users\VENTE\Local Sites\medit\app\public\wp-config.php on line 51
[01-Aug-2024 12:17:12 UTC] PHP Warning:  Undefined array key "DB_NAME" in C:\Users\VENTE\Local Sites\medit\app\public\wp-config.php on line 31
[01-Aug-2024 12:17:12 UTC] PHP Warning:  Constant DB_NAME already defined in C:\Users\VENTE\Local Sites\medit\app\public\wp-config.php on line 31
[01-Aug-2024 12:17:12 UTC] PHP Warning:  Undefined array key "DB_USER" in C:\Users\VENTE\Local Sites\medit\app\public\wp-config.php on line 34
[01-Aug-2024 12:17:12 UTC] PHP Warning:  Constant DB_USER already defined in C:\Users\VENTE\Local Sites\medit\app\public\wp-config.php on line 34
[01-Aug-2024 12:17:12 UTC] PHP Warning:  Undefined array key "DB_PASSWORD" in C:\Users\VENTE\Local Sites\medit\app\public\wp-config.php on line 37
[01-Aug-2024 12:17:12 UTC] PHP Warning:  Constant DB_PASSWORD already defined in C:\Users\VENTE\Local Sites\medit\app\public\wp-config.php on line 37
[01-Aug-2024 12:17:12 UTC] PHP Warning:  Undefined array key "DB_HOST" in C:\Users\VENTE\Local Sites\medit\app\public\wp-config.php on line 40
[01-Aug-2024 12:17:12 UTC] PHP Warning:  Constant DB_HOST already defined in C:\Users\VENTE\Local Sites\medit\app\public\wp-config.php on line 40
[01-Aug-2024 12:17:12 UTC] PHP Warning:  Undefined array key "WORDPRESS_DB_PASSWORD" in C:\Users\VENTE\Local Sites\medit\app\public\wp-config.php on line 51
[01-Aug-2024 12:17:12 UTC] PHP Warning:  Undefined array key "WORDPRESS_DB_PASSWORD" in C:\Users\VENTE\Local Sites\medit\app\public\wp-config.php on line 51
[01-Aug-2024 12:17:12 UTC] PHP Warning:  Undefined array key "DB_NAME" in C:\Users\VENTE\Local Sites\medit\app\public\wp-config.php on line 31
[01-Aug-2024 12:17:12 UTC] PHP Warning:  Constant DB_NAME already defined in C:\Users\VENTE\Local Sites\medit\app\public\wp-config.php on line 31
[01-Aug-2024 12:17:12 UTC] PHP Warning:  Undefined array key "DB_USER" in C:\Users\VENTE\Local Sites\medit\app\public\wp-config.php on line 34
[01-Aug-2024 12:17:12 UTC] PHP Warning:  Constant DB_USER already defined in C:\Users\VENTE\Local Sites\medit\app\public\wp-config.php on line 34
[01-Aug-2024 12:17:12 UTC] PHP Warning:  Undefined array key "DB_PASSWORD" in C:\Users\VENTE\Local Sites\medit\app\public\wp-config.php on line 37
[01-Aug-2024 12:17:12 UTC] PHP Warning:  Constant DB_PASSWORD already defined in C:\Users\VENTE\Local Sites\medit\app\public\wp-config.php on line 37
[01-Aug-2024 12:17:12 UTC] PHP Warning:  Undefined array key "DB_HOST" in C:\Users\VENTE\Local Sites\medit\app\public\wp-config.php on line 40
[01-Aug-2024 12:17:12 UTC] PHP Warning:  Constant DB_HOST already defined in C:\Users\VENTE\Local Sites\medit\app\public\wp-config.php on line 40
[01-Aug-2024 12:17:12 UTC] PHP Warning:  Undefined array key "WORDPRESS_DB_PASSWORD" in C:\Users\VENTE\Local Sites\medit\app\public\wp-config.php on line 51
[01-Aug-2024 12:17:12 UTC] PHP Warning:  Undefined array key "WORDPRESS_DB_PASSWORD" in C:\Users\VENTE\Local Sites\medit\app\public\wp-config.php on line 51
[01-Aug-2024 12:17:48 UTC] PHP Warning:  Undefined array key "WORDPRESS_DB_NAME" in C:\Users\VENTE\Local Sites\medit\app\public\wp-config.php on line 31
[01-Aug-2024 12:17:48 UTC] PHP Warning:  Constant DB_NAME already defined in C:\Users\VENTE\Local Sites\medit\app\public\wp-config.php on line 31
[01-Aug-2024 12:17:48 UTC] PHP Warning:  Undefined array key "WORDPRESS_DB_USER" in C:\Users\VENTE\Local Sites\medit\app\public\wp-config.php on line 34
[01-Aug-2024 12:17:48 UTC] PHP Warning:  Constant DB_USER already defined in C:\Users\VENTE\Local Sites\medit\app\public\wp-config.php on line 34
[01-Aug-2024 12:17:48 UTC] PHP Warning:  Undefined array key "WORDPRESS_DB_PASSWORD" in C:\Users\VENTE\Local Sites\medit\app\public\wp-config.php on line 37
[01-Aug-2024 12:17:48 UTC] PHP Warning:  Constant DB_PASSWORD already defined in C:\Users\VENTE\Local Sites\medit\app\public\wp-config.php on line 37
[01-Aug-2024 12:17:48 UTC] PHP Warning:  Undefined array key "WORDPRESS_DB_HOST" in C:\Users\VENTE\Local Sites\medit\app\public\wp-config.php on line 40
[01-Aug-2024 12:17:48 UTC] PHP Warning:  Constant DB_HOST already defined in C:\Users\VENTE\Local Sites\medit\app\public\wp-config.php on line 40
[01-Aug-2024 12:17:48 UTC] PHP Warning:  Undefined array key "WORDPRESS_DB_PASSWORD" in C:\Users\VENTE\Local Sites\medit\app\public\wp-config.php on line 51
[01-Aug-2024 12:17:48 UTC] PHP Warning:  Undefined array key "WORDPRESS_DB_PASSWORD" in C:\Users\VENTE\Local Sites\medit\app\public\wp-config.php on line 51
[01-Aug-2024 12:17:49 UTC] PHP Warning:  Undefined array key "WORDPRESS_DB_NAME" in C:\Users\VENTE\Local Sites\medit\app\public\wp-config.php on line 31
[01-Aug-2024 12:17:49 UTC] PHP Warning:  Constant DB_NAME already defined in C:\Users\VENTE\Local Sites\medit\app\public\wp-config.php on line 31
[01-Aug-2024 12:17:49 UTC] PHP Warning:  Undefined array key "WORDPRESS_DB_USER" in C:\Users\VENTE\Local Sites\medit\app\public\wp-config.php on line 34
[01-Aug-2024 12:17:49 UTC] PHP Warning:  Constant DB_USER already defined in C:\Users\VENTE\Local Sites\medit\app\public\wp-config.php on line 34
[01-Aug-2024 12:17:49 UTC] PHP Warning:  Undefined array key "WORDPRESS_DB_PASSWORD" in C:\Users\VENTE\Local Sites\medit\app\public\wp-config.php on line 37
[01-Aug-2024 12:17:49 UTC] PHP Warning:  Constant DB_PASSWORD already defined in C:\Users\VENTE\Local Sites\medit\app\public\wp-config.php on line 37
[01-Aug-2024 12:17:49 UTC] PHP Warning:  Undefined array key "WORDPRESS_DB_HOST" in C:\Users\VENTE\Local Sites\medit\app\public\wp-config.php on line 40
[01-Aug-2024 12:17:49 UTC] PHP Warning:  Constant DB_HOST already defined in C:\Users\VENTE\Local Sites\medit\app\public\wp-config.php on line 40
[01-Aug-2024 12:17:49 UTC] PHP Warning:  Undefined array key "WORDPRESS_DB_PASSWORD" in C:\Users\VENTE\Local Sites\medit\app\public\wp-config.php on line 51
[01-Aug-2024 12:17:49 UTC] PHP Warning:  Undefined array key "WORDPRESS_DB_PASSWORD" in C:\Users\VENTE\Local Sites\medit\app\public\wp-config.php on line 51
[01-Aug-2024 12:17:49 UTC] PHP Warning:  Undefined array key "WORDPRESS_DB_NAME" in C:\Users\VENTE\Local Sites\medit\app\public\wp-config.php on line 31
[01-Aug-2024 12:17:49 UTC] PHP Warning:  Constant DB_NAME already defined in C:\Users\VENTE\Local Sites\medit\app\public\wp-config.php on line 31
[01-Aug-2024 12:17:49 UTC] PHP Warning:  Undefined array key "WORDPRESS_DB_USER" in C:\Users\VENTE\Local Sites\medit\app\public\wp-config.php on line 34
[01-Aug-2024 12:17:49 UTC] PHP Warning:  Constant DB_USER already defined in C:\Users\VENTE\Local Sites\medit\app\public\wp-config.php on line 34
[01-Aug-2024 12:17:49 UTC] PHP Warning:  Undefined array key "WORDPRESS_DB_PASSWORD" in C:\Users\VENTE\Local Sites\medit\app\public\wp-config.php on line 37
[01-Aug-2024 12:17:49 UTC] PHP Warning:  Constant DB_PASSWORD already defined in C:\Users\VENTE\Local Sites\medit\app\public\wp-config.php on line 37
[01-Aug-2024 12:17:49 UTC] PHP Warning:  Undefined array key "WORDPRESS_DB_HOST" in C:\Users\VENTE\Local Sites\medit\app\public\wp-config.php on line 40
[01-Aug-2024 12:17:49 UTC] PHP Warning:  Constant DB_HOST already defined in C:\Users\VENTE\Local Sites\medit\app\public\wp-config.php on line 40
[01-Aug-2024 12:17:49 UTC] PHP Warning:  Undefined array key "WORDPRESS_DB_PASSWORD" in C:\Users\VENTE\Local Sites\medit\app\public\wp-config.php on line 51
[01-Aug-2024 12:17:49 UTC] PHP Warning:  Undefined array key "WORDPRESS_DB_PASSWORD" in C:\Users\VENTE\Local Sites\medit\app\public\wp-config.php on line 51
[01-Aug-2024 12:17:49 UTC] PHP Warning:  Undefined array key "WORDPRESS_DB_NAME" in C:\Users\VENTE\Local Sites\medit\app\public\wp-config.php on line 31
[01-Aug-2024 12:17:49 UTC] PHP Warning:  Constant DB_NAME already defined in C:\Users\VENTE\Local Sites\medit\app\public\wp-config.php on line 31
[01-Aug-2024 12:17:49 UTC] PHP Warning:  Undefined array key "WORDPRESS_DB_USER" in C:\Users\VENTE\Local Sites\medit\app\public\wp-config.php on line 34
[01-Aug-2024 12:17:49 UTC] PHP Warning:  Constant DB_USER already defined in C:\Users\VENTE\Local Sites\medit\app\public\wp-config.php on line 34
[01-Aug-2024 12:17:49 UTC] PHP Warning:  Undefined array key "WORDPRESS_DB_PASSWORD" in C:\Users\VENTE\Local Sites\medit\app\public\wp-config.php on line 37
[01-Aug-2024 12:17:49 UTC] PHP Warning:  Constant DB_PASSWORD already defined in C:\Users\VENTE\Local Sites\medit\app\public\wp-config.php on line 37
[01-Aug-2024 12:17:49 UTC] PHP Warning:  Undefined array key "WORDPRESS_DB_HOST" in C:\Users\VENTE\Local Sites\medit\app\public\wp-config.php on line 40
[01-Aug-2024 12:17:49 UTC] PHP Warning:  Constant DB_HOST already defined in C:\Users\VENTE\Local Sites\medit\app\public\wp-config.php on line 40
[01-Aug-2024 12:17:49 UTC] PHP Warning:  Undefined array key "WORDPRESS_DB_PASSWORD" in C:\Users\VENTE\Local Sites\medit\app\public\wp-config.php on line 51
[01-Aug-2024 12:17:49 UTC] PHP Warning:  Undefined array key "WORDPRESS_DB_PASSWORD" in C:\Users\VENTE\Local Sites\medit\app\public\wp-config.php on line 51
[01-Aug-2024 12:18:15 UTC] PHP Warning:  Undefined array key "WORDPRESS_DB_PASSWORD" in C:\Users\VENTE\Local Sites\medit\app\public\wp-config.php on line 51
[01-Aug-2024 12:18:15 UTC] PHP Warning:  Undefined array key "WORDPRESS_DB_PASSWORD" in C:\Users\VENTE\Local Sites\medit\app\public\wp-config.php on line 51
[01-Aug-2024 12:18:16 UTC] PHP Warning:  Undefined array key "WORDPRESS_DB_PASSWORD" in C:\Users\VENTE\Local Sites\medit\app\public\wp-config.php on line 51
[01-Aug-2024 12:18:16 UTC] PHP Warning:  Undefined array key "WORDPRESS_DB_PASSWORD" in C:\Users\VENTE\Local Sites\medit\app\public\wp-config.php on line 51
[01-Aug-2024 12:18:16 UTC] PHP Warning:  Undefined array key "WORDPRESS_DB_PASSWORD" in C:\Users\VENTE\Local Sites\medit\app\public\wp-config.php on line 51
[01-Aug-2024 12:18:16 UTC] PHP Warning:  Undefined array key "WORDPRESS_DB_PASSWORD" in C:\Users\VENTE\Local Sites\medit\app\public\wp-config.php on line 51
[01-Aug-2024 12:18:16 UTC] PHP Warning:  Undefined array key "WORDPRESS_DB_PASSWORD" in C:\Users\VENTE\Local Sites\medit\app\public\wp-config.php on line 51
[01-Aug-2024 12:18:16 UTC] PHP Warning:  Undefined array key "WORDPRESS_DB_PASSWORD" in C:\Users\VENTE\Local Sites\medit\app\public\wp-config.php on line 51
